TN:
SF:/home/antoine/Documents/Experiments/Abcjs/pest_parser/src/main.rs
FN:12,main
FNF:1
FNDA:0,main
DA:12,0
DA:13,0
DA:14,0
LF:3
LH:0
end_of_record
TN:
SF:/home/antoine/Documents/Experiments/Abcjs/pest_parser/src/pitch.rs
FN:22,parse_pitch
FN:35,parse_octave
FN:41,parse_note_letter
FN:62,parse_alteration
FN:158,new_empty
FN:165,convert_from_Pitch
FNF:6
FNDA:1,parse_pitch
FNDA:1,parse_octave
FNDA:1,parse_note_letter
FNDA:1,parse_alteration
FNDA:1,new_empty
FNDA:1,convert_from_Pitch
DA:22,1
DA:23,1
DA:24,1
DA:25,0
DA:26,1
DA:32,2
DA:35,1
DA:38,1
DA:41,1
DA:59,1
DA:62,1
DA:76,1
DA:158,1
DA:165,1
DA:166,1
DA:167,1
DA:168,2
DA:169,0
DA:171,2
DA:172,1
DA:173,1
DA:174,4
DA:175,1
DA:177,0
DA:179,0
LF:25
LH:21
end_of_record
TN:
SF:/home/antoine/Documents/Experiments/Abcjs/pest_parser/src/serializer.rs
FN:23,new
FN:33,from
FN:81,deref<&str>
FN:92,serialize<&str, &mut serde_json::ser::Serializer<&mut alloc::vec::Vec<u8, alloc::alloc::Global>, serde_json::ser::CompactFormatter>>
FN:109,new<&str>
FNF:5
FNDA:1,new
FNDA:1,from
FNDA:1,deref<&str>
FNDA:1,serialize<&str, &mut serde_json::ser::Serializer<&mut alloc::vec::Vec<u8, alloc::alloc::Global>, serde_json::ser::CompactFormatter>>
FNDA:1,new<&str>
DA:23,1
DA:33,1
DA:35,1
DA:36,1
DA:37,1
DA:38,1
DA:81,1
DA:82,0
DA:86,0
DA:87,0
DA:92,1
DA:96,1
DA:97,2
DA:98,2
DA:99,1
DA:101,3
DA:103,2
DA:104,2
DA:109,1
DA:110,1
DA:136,0
DA:137,0
LF:22
LH:17
end_of_record
