TN:
SF:/home/antoine/Documents/Experiments/Abcjs/pest_parser/src/main.rs
FN:12,main
FNF:1
FNDA:0,main
DA:12,0
DA:13,0
DA:14,0
LF:3
LH:0
end_of_record
TN:
SF:/home/antoine/Documents/Experiments/Abcjs/pest_parser/src/pitch.rs
FN:21,prs_rest
FN:24,prs_multimeasure_rest
FN:49,parse_pitch
FN:62,parse_octave
FN:68,parse_note_letter
FN:89,parse_alteration
FN:156,is_chevron_left
FN:159,is_chevron_right
FN:162,prs_chevron_left
FN:171,prs_chevron_right
FN:183,prs_broken_rhythm
FN:195,is_slash
FN:199,prs_slash
FN:211,prs_digit_slash_digit
FN:257,prs_rhythm
FN:316,new_empty
FN:323,convert_from_Pitch
FN:332,{closure#0}
FN:363,prs_note
FNF:19
FNDA:1,prs_rest
FNDA:1,prs_multimeasure_rest
FNDA:1,parse_pitch
FNDA:1,parse_octave
FNDA:1,parse_note_letter
FNDA:1,parse_alteration
FNDA:1,is_chevron_left
FNDA:2,is_chevron_right
FNDA:1,prs_chevron_left
FNDA:2,prs_chevron_right
FNDA:1,prs_broken_rhythm
FNDA:1,is_slash
FNDA:1,prs_slash
FNDA:1,prs_digit_slash_digit
FNDA:1,prs_rhythm
FNDA:1,new_empty
FNDA:1,convert_from_Pitch
FNDA:4,{closure#0}
FNDA:1,prs_note
DA:21,1
DA:22,1
DA:24,1
DA:27,1
DA:49,1
DA:50,1
DA:51,1
DA:52,0
DA:53,1
DA:59,2
DA:62,1
DA:65,1
DA:68,1
DA:86,1
DA:89,1
DA:103,1
DA:156,1
DA:157,1
DA:159,2
DA:160,2
DA:162,1
DA:163,1
DA:171,2
DA:174,2
DA:183,1
DA:186,2
DA:195,1
DA:196,1
DA:199,1
DA:202,1
DA:211,1
DA:221,1
DA:257,1
DA:263,1
DA:316,1
DA:323,1
DA:324,1
DA:325,1
DA:326,2
DA:327,0
DA:329,2
DA:330,1
DA:331,1
DA:332,4
DA:333,1
DA:335,0
DA:337,0
DA:363,1
LF:48
LH:44
end_of_record
TN:
SF:/home/antoine/Documents/Experiments/Abcjs/pest_parser/src/serializer.rs
FN:35,new<&str>
FNF:1
FNDA:1,new<&str>
DA:26,0
DA:27,0
DA:35,1
DA:36,1
LF:4
LH:2
end_of_record
